Build started 28-8-2016 13:36:34.
     1>Project "D:\Documents\Visual Studio 2015\Projects\OpenGL 3D Engine C++\RayCastingEngine\RayCastingEngine.vcxproj" on node 2 (Build target(s)).
     1>ClCompile:
         C:\Program Files (x86)\Microsoft Visual Studio 14.0\VC\bin\CL.exe /c /Zi /nologo /W3 /WX- /sdl /O2 /Oi /Oy- /GL /D _CRT_SECURE_NO_WARNINGS /D _MBCS /Gm- /EHsc /MD /GS /Gy /fp:precise /Zc:wchar_t /Zc:forScope /Zc:inline /Fo"Release\\" /Fd"Release\vc140.pdb" /Gd /TP /analyze- /errorReport:prompt Main.cpp
         Main.cpp
     1>C:\Program Files (x86)\Microsoft Visual Studio 14.0\VC\include\utility(145): warning C4244: 'initializing': conversion from 'double' to 'float', possible loss of data
         d:\documents\visual studio 2015\projects\opengl 3d engine c++\raycastingengine\Main.h(156): note: see reference to function template instantiation 'std::pair<float,float>::pair<double,double,void>(_Other1 &&,_Other2 &&) noexcept' being compiled
                 with
                 [
                     _Other1=double,
                     _Other2=double
                 ]
         d:\documents\visual studio 2015\projects\opengl 3d engine c++\raycastingengine\Main.h(156): note: see reference to function template instantiation 'std::pair<float,float>::pair<double,double,void>(_Other1 &&,_Other2 &&) noexcept' being compiled
                 with
                 [
                     _Other1=double,
                     _Other2=double
                 ]
     1>C:\Program Files (x86)\Microsoft Visual Studio 14.0\VC\include\utility(145): warning C4244: 'initializing': conversion from 'int' to 'float', possible loss of data
         Main.cpp(79): note: see reference to function template instantiation 'std::pair<float,float>::pair<int,int,void>(_Other1 &&,_Other2 &&) noexcept' being compiled
                 with
                 [
                     _Other1=int,
                     _Other2=int
                 ]
         Main.cpp(79): note: see reference to function template instantiation 'std::pair<float,float>::pair<int,int,void>(_Other1 &&,_Other2 &&) noexcept' being compiled
                 with
                 [
                     _Other1=int,
                     _Other2=int
                 ]
       Link:
         C:\Program Files (x86)\Microsoft Visual Studio 14.0\VC\bin\link.exe /ERRORREPORT:PROMPT /OUT:"D:\Documents\Visual Studio 2015\Projects\OpenGL 3D Engine C++\Release\RayCastingEngine.exe" /NOLOGO kernel32.lib user32.lib gdi32.lib winspool.lib comdlg32.lib advapi32.lib shell32.lib ole32.lib oleaut32.lib uuid.lib odbc32.lib odbccp32.lib /MANIFEST /MANIFESTUAC:"level='asInvoker' uiAccess='false'" /manifest:embed /Debug /PDB:"D:\Documents\Visual Studio 2015\Projects\OpenGL 3D Engine C++\Release\RayCastingEngine.pdb" /OPT:REF /OPT:ICF /LTCG:incremental /TLBID:1 /DYNAMICBASE /NXCOMPAT /IMPLIB:"D:\Documents\Visual Studio 2015\Projects\OpenGL 3D Engine C++\Release\RayCastingEngine.lib" /MACHINE:X86 /SAFESEH:NO Release\Main.obj
         Generating code
         0 of 825 functions ( 0.0%) were compiled, the rest were copied from previous compilation.
           0 functions were new in current compilation
           0 functions had inline decision re-evaluated but remain unchanged
         Finished generating code
         RayCastingEngine.vcxproj -> D:\Documents\Visual Studio 2015\Projects\OpenGL 3D Engine C++\Release\RayCastingEngine.exe
     1>Done Building Project "D:\Documents\Visual Studio 2015\Projects\OpenGL 3D Engine C++\RayCastingEngine\RayCastingEngine.vcxproj" (Build target(s)).

Build succeeded.

Time Elapsed 00:00:01.48
